TN:test
SF:/Users/casimira/C7_SmartCalc_v1.0-2/src/untitled3/cal.c
FN:23,calcsmart
FNDA:8,calcsmart
FN:52,smartcalc_with_stack
FNDA:6,smartcalc_with_stack
FN:76,str_pars
FNDA:8,str_pars
FN:122,its_num_func
FNDA:20,its_num_func
FN:158,its_func_func
FNDA:30,its_func_func
FN:195,check_func
FNDA:16,check_func
FN:211,is_x_catch_there
FNDA:6,is_x_catch_there
FNF:7
FNH:7
DA:23,8
DA:24,8
DA:27,8
DA:28,8
DA:29,8
DA:30,8
DA:31,8
DA:32,6
DA:34,2
DA:37,0
DA:39,8
DA:41,8
DA:52,6
DA:53,6
DA:54,6
DA:55,6
DA:56,5
DA:57,5
DA:58,5
DA:59,10
DA:60,5
DA:61,5
DA:63,1
DA:65,6
DA:76,8
DA:77,8
DA:78,76
DA:79,68
DA:80,88
DA:81,20
DA:82,20
DA:83,20
DA:84,48
DA:86,30
DA:87,30
DA:88,0
DA:89,0
DA:90,0
DA:91,0
DA:92,0
DA:93,0
DA:95,0
DA:96,0
DA:99,30
DA:101,18
DA:102,0
DA:103,0
DA:104,18
DA:105,17
DA:107,1
DA:109,68
DA:111,8
DA:122,20
DA:123,20
DA:125,20
DA:126,20
DA:127,20
DA:128,40
DA:130,20
DA:131,0
DA:133,20
DA:134,20
DA:135,20
DA:138,20
DA:139,20
DA:140,20
DA:142,0
DA:144,20
DA:145,20
DA:158,30
DA:159,30
DA:160,30
DA:161,26
DA:162,26
DA:163,26
DA:164,26
DA:165,4
DA:166,1
DA:167,1
DA:168,1
DA:169,1
DA:170,1
DA:172,3
DA:173,13
DA:174,10
DA:175,10
DA:176,10
DA:178,3
DA:179,3
DA:180,2
DA:181,1
DA:182,1
DA:185,30
DA:195,16
DA:196,16
DA:197,16
DA:198,13
DA:199,13
DA:200,11
DA:202,16
DA:211,6
DA:212,6
DA:213,53
DA:214,47
DA:215,47
DA:217,6
LF:106
LH:93
end_of_record
SF:/usr/local/lib/gcc/10/gcc/x86_64-apple-darwin20/10.3.0/include-fixed/math.h
DA:218,5
LF:1
LH:1
end_of_record
TN:test
SF:/Users/casimira/C7_SmartCalc_v1.0-2/src/untitled3/calc.c
FN:15,calc_from_notation
FNDA:5,calc_from_notation
FN:64,calc_function
FNDA:13,calc_function
FNF:2
FNH:2
DA:15,5
DA:16,5
DA:17,5
DA:18,5
DA:19,31
DA:20,13
DA:21,13
DA:22,13
DA:23,13
DA:24,28
DA:25,15
DA:26,15
DA:27,15
DA:29,13
DA:30,13
DA:31,13
DA:32,2
DA:33,2
DA:34,2
DA:35,2
DA:37,11
DA:38,11
DA:39,11
DA:40,11
DA:41,11
DA:46,5
DA:47,5
DA:48,0
DA:49,0
DA:51,0
DA:53,5
DA:64,13
DA:65,13
DA:66,13
DA:67,13
DA:68,13
DA:69,13
DA:70,13
DA:71,13
DA:72,13
DA:73,13
DA:74,13
DA:75,13
DA:76,13
DA:77,13
DA:78,13
DA:79,13
DA:80,13
DA:81,13
LF:49
LH:46
end_of_record
TN:test
SF:/Users/casimira/C7_SmartCalc_v1.0-2/src/untitled3/other_function_for_calculate.c
FN:13,normal_for_calc
FNDA:5,normal_for_calc
FN:44,check_normal_for_calc1
FNDA:34,check_normal_for_calc1
FN:64,check_normal_for_calc2
FNDA:32,check_normal_for_calc2
FN:82,value_operator
FNDA:61,value_operator
FN:157,func_check
FNDA:6,func_check
FN:214,bracket_check
FNDA:6,bracket_check
FN:244,check_all
FNDA:6,check_all
FNF:7
FNH:7
DA:13,5
DA:14,5
DA:15,5
DA:16,5
DA:17,39
DA:18,34
DA:19,2
DA:20,2
DA:21,2
DA:22,2
DA:23,2
DA:24,2
DA:25,2
DA:26,32
DA:28,0
DA:29,0
DA:31,32
DA:32,32
DA:36,5
DA:44,34
DA:45,34
DA:46,34
DA:47,17
DA:48,20
DA:49,20
DA:50,8
DA:51,8
DA:52,2
DA:53,2
DA:55,34
DA:64,32
DA:65,32
DA:66,32
DA:67,24
DA:68,4
DA:69,1
DA:70,2
DA:71,0
DA:72,32
DA:82,61
DA:83,61
DA:84,61
DA:85,15
DA:86,46
DA:87,10
DA:88,36
DA:89,19
DA:90,17
DA:91,8
DA:92,11
DA:94,61
DA:157,6
DA:158,6
DA:159,6
DA:160,6
DA:161,6
DA:162,53
DA:163,47
DA:165,19
DA:166,19
DA:168,28
DA:169,28
DA:170,5
DA:171,5
DA:172,5
DA:173,5
DA:174,5
DA:175,6
DA:176,6
DA:177,6
DA:178,6
DA:179,6
DA:180,9
DA:181,9
DA:182,9
DA:183,9
DA:184,9
DA:185,6
DA:186,6
DA:187,6
DA:188,6
DA:189,6
DA:190,2
DA:191,2
DA:192,2
DA:193,2
DA:195,47
DA:196,47
DA:198,6
DA:199,1
DA:200,0
DA:202,6
DA:214,6
DA:215,6
DA:216,6
DA:217,6
DA:218,6
DA:219,59
DA:220,53
DA:221,28
DA:222,5
DA:223,5
DA:224,48
DA:225,23
DA:226,6
DA:227,6
DA:229,42
DA:231,53
DA:232,53
DA:234,6
DA:235,6
DA:244,6
DA:245,6
DA:246,6
DA:247,6
DA:248,6
DA:249,6
LF:117
LH:113
end_of_record
TN:test
SF:/Users/casimira/C7_SmartCalc_v1.0-2/src/untitled3/reverse_polish.c
FN:15,to_polskiy
FNDA:5,to_polskiy
FN:67,priority
FNDA:22,priority
FN:86,left_assocate
FNDA:1,left_assocate
FNF:3
FNH:3
DA:15,5
DA:16,5
DA:17,5
DA:19,5
DA:21,5
DA:22,5
DA:23,5
DA:24,42
DA:26,37
DA:27,37
DA:28,21
DA:29,21
DA:30,6
DA:31,15
DA:32,5
DA:33,1
DA:34,4
DA:35,4
DA:36,7
DA:37,3
DA:38,2
DA:41,19
DA:42,6
DA:43,11
DA:44,5
DA:45,6
DA:46,1
DA:47,2
DA:49,11
DA:52,37
DA:53,37
DA:55,13
DA:56,5
DA:57,5
DA:67,22
DA:68,22
DA:69,22
DA:70,11
DA:71,11
DA:72,7
DA:73,4
DA:74,2
DA:76,22
DA:86,1
DA:87,2
DA:88,1
LF:46
LH:46
end_of_record
TN:test
SF:/Users/casimira/C7_SmartCalc_v1.0-2/src/untitled3/stack.c
FN:17,push
FNDA:96,push
FN:38,last_element_stack
FNDA:139,last_element_stack
FN:51,size_stack
FNDA:48,size_stack
FN:65,free_stack
FNDA:13,free_stack
FN:81,fast_free_stack
FNDA:5,fast_free_stack
FN:97,unlock_last_element_stack
FNDA:17,unlock_last_element_stack
FN:111,reunlock
FNDA:13,reunlock
FNF:7
FNH:7
DA:17,96
DA:19,96
DA:20,96
DA:21,96
DA:22,96
DA:23,96
DA:24,96
DA:25,96
DA:26,96
DA:28,0
DA:30,96
DA:38,139
DA:39,504
DA:40,365
DA:42,139
DA:51,48
DA:52,48
DA:53,161
DA:54,113
DA:55,113
DA:57,48
DA:65,13
DA:66,13
DA:67,13
DA:68,66
DA:69,53
DA:70,53
DA:71,53
DA:72,53
DA:74,13
DA:81,5
DA:82,5
DA:83,5
DA:84,5
DA:85,0
DA:86,0
DA:87,0
DA:89,5
DA:97,17
DA:98,17
DA:99,26
DA:100,17
DA:102,17
DA:111,13
DA:112,13
DA:114,13
DA:115,13
DA:116,13
DA:117,13
DA:118,13
DA:119,13
LF:51
LH:47
end_of_record
TN:test
SF:/Users/casimira/C7_SmartCalc_v1.0-2/src/tests/tests.c
FN:3,simple_sum_fn
FNDA:1,simple_sum_fn
FN:11,brackets_fn
FNDA:1,brackets_fn
FN:18,complex_operators_fn
FNDA:1,complex_operators_fn
FN:25,prior_fn
FNDA:1,prior_fn
FN:32,simple_and_right
FNDA:1,simple_and_right
FN:48,too_many_brackets_fn
FNDA:1,too_many_brackets_fn
FN:54,unparseable_string_fn
FNDA:1,unparseable_string_fn
FN:59,minus_fn
FNDA:1,minus_fn
FN:71,you_forgot_a_bracket_fn
FNDA:1,you_forgot_a_bracket_fn
FN:77,wrong_expressions
FNDA:1,wrong_expressions
FN:126,main
FNDA:1,main
FNF:11
FNH:11
DA:3,1
DA:5,1
DA:6,1
DA:8,1
DA:9,1
DA:11,1
DA:13,1
DA:14,1
DA:15,1
DA:16,1
DA:18,1
DA:20,1
DA:21,1
DA:22,1
DA:23,1
DA:25,1
DA:27,1
DA:28,1
DA:29,1
DA:30,1
DA:32,1
DA:36,1
DA:38,1
DA:39,1
DA:40,1
DA:41,1
DA:42,1
DA:44,1
DA:45,1
DA:48,1
DA:50,1
DA:51,1
DA:52,1
DA:54,1
DA:56,1
DA:57,1
DA:58,1
DA:59,1
DA:61,1
DA:62,1
DA:63,1
DA:71,1
DA:73,1
DA:74,1
DA:75,1
DA:77,1
DA:81,1
DA:83,1
DA:84,1
DA:85,1
DA:86,1
DA:87,1
DA:89,1
DA:90,1
DA:126,1
DA:127,1
DA:131,1
DA:132,1
DA:135,1
DA:136,1
DA:138,1
DA:139,1
DA:141,1
DA:142,1
DA:143,1
LF:65
LH:65
end_of_record
